Compilación iniciada a las 1/14/2015 2:04:46 PM.
     1>Proyecto "C:\Program Files (x86)\ARToolKit\examples\simpleVRML\simpleVRML.vcxproj" en el nodo 4 (rebuild destinos).
     1>InitializeBuildStatus:
         Aplicando tarea Touch a "Debug\simpleVRML.unsuccessfulbuild".
       ClCompile:
         c:\Program Files (x86)\Microsoft Visual Studio 10.0\VC\bin\CL.exe /c /I"C:\Program Files (x86)\ARToolKit\examples\simpleVRML\..\..\include" /I"C:\Program Files (x86)\ARToolKit\examples\simpleVRML\..\..\OpenVRML\include" /I"C:\Program Files (x86)\ARToolKit\examples\simpleVRML\..\..\OpenVRML\dependencies\include" /Zi /nologo /W3 /WX- /Od /Oy- /D WIN32 /D _DEBUG /D _CONSOLE /D OPENVRML_ENABLE_IMAGETEXTURE_NODE /D OPENVRML_ENABLE_GZIP /D _MBCS /Gm /EHsc /RTC1 /MDd /GS- /Gy- /fp:precise /Zc:wchar_t /Zc:forScope /GR /Fo"Debug\\" /Fd"Debug\vc100.pdb" /Gd /TP /analyze- /errorReport:prompt object.c simpleVRML.c
         simpleVRML.c
     1>simpleVRML.c(469): warning C4996: 'sprintf': This function or variable may be unsafe. Consider using sprintf_s instead. To disable deprecation, use _CRT_SECURE_NO_WARNINGS. See online help for details.
                 c:\Program Files (x86)\Microsoft Visual Studio 10.0\VC\include\stdio.h(371) : vea la declaración de 'sprintf'
     1>simpleVRML.c(470): warning C4996: 'sprintf': This function or variable may be unsafe. Consider using sprintf_s instead. To disable deprecation, use _CRT_SECURE_NO_WARNINGS. See online help for details.
                 c:\Program Files (x86)\Microsoft Visual Studio 10.0\VC\include\stdio.h(371) : vea la declaración de 'sprintf'
         object.c
     1>object.c(34): warning C4996: 'fopen': This function or variable may be unsafe. Consider using fopen_s instead. To disable deprecation, use _CRT_SECURE_NO_WARNINGS. See online help for details.
                 c:\Program Files (x86)\Microsoft Visual Studio 10.0\VC\include\stdio.h(234) : vea la declaración de 'fopen'
     1>object.c(37): warning C4996: 'sscanf': This function or variable may be unsafe. Consider using sscanf_s instead. To disable deprecation, use _CRT_SECURE_NO_WARNINGS. See online help for details.
                 c:\Program Files (x86)\Microsoft Visual Studio 10.0\VC\include\stdio.h(325) : vea la declaración de 'sscanf'
     1>object.c(48): warning C4996: 'sscanf': This function or variable may be unsafe. Consider using sscanf_s instead. To disable deprecation, use _CRT_SECURE_NO_WARNINGS. See online help for details.
                 c:\Program Files (x86)\Microsoft Visual Studio 10.0\VC\include\stdio.h(325) : vea la declaración de 'sscanf'
     1>object.c(67): warning C4996: 'sscanf': This function or variable may be unsafe. Consider using sscanf_s instead. To disable deprecation, use _CRT_SECURE_NO_WARNINGS. See online help for details.
                 c:\Program Files (x86)\Microsoft Visual Studio 10.0\VC\include\stdio.h(325) : vea la declaración de 'sscanf'
     1>object.c(76): warning C4996: 'sscanf': This function or variable may be unsafe. Consider using sscanf_s instead. To disable deprecation, use _CRT_SECURE_NO_WARNINGS. See online help for details.
                 c:\Program Files (x86)\Microsoft Visual Studio 10.0\VC\include\stdio.h(325) : vea la declaración de 'sscanf'
     1>object.c(81): warning C4996: 'sscanf': This function or variable may be unsafe. Consider using sscanf_s instead. To disable deprecation, use _CRT_SECURE_NO_WARNINGS. See online help for details.
                 c:\Program Files (x86)\Microsoft Visual Studio 10.0\VC\include\stdio.h(325) : vea la declaración de 'sscanf'
         Generando código...
       Link:
         c:\Program Files (x86)\Microsoft Visual Studio 10.0\VC\bin\link.exe /ERRORREPORT:PROMPT /OUT:"Debug\simpleVRML.exe" /NOLOGO /LIBPATH:"C:\Program Files (x86)\ARToolKit\examples\simpleVRML\..\..\lib" /LIBPATH:"C:\Program Files (x86)\ARToolKit\examples\simpleVRML\..\..\OpenVRML\lib" /LIBPATH:"C:\Program Files (x86)\ARToolKit\examples\simpleVRML\..\..\OpenVRML\dependencies\lib" ws2_32.lib opengl32.lib glu32.lib glut32.lib libjpeg.lib libpng.lib zlib.lib libarvrmld.lib openvrml.lib "openvrml-gl.lib" antlr.lib regex.lib libARvideod.lib libARd.lib libARgsub_lited.lib kernel32.lib user32.lib gdi32.lib winspool.lib comdlg32.lib advapi32.lib shell32.lib ole32.lib oleaut32.lib uuid.lib odbc32.lib odbccp32.lib /NODEFAULTLIB:libc.lib /NODEFAULTLIB:libcd.lib /NODEFAULTLIB:libcmt.lib /NODEFAULTLIB:libcmtd.lib /NODEFAULTLIB:msvcrt.lib /MANIFEST /ManifestFile:"Debug\simpleVRML.exe.intermediate.manifest" /MANIFESTUAC:"level='asInvoker' uiAccess='false'" /DEBUG /PDB:"C:\Program Files (x86)\ARToolKit\examples\simpleVRML\Debug\simpleVRML.pdb" /SUBSYSTEM:CONSOLE /TLBID:1 /DYNAMICBASE /NXCOMPAT /IMPLIB:"Debug\simpleVRML.lib" /MACHINE:X86 Debug\object.obj
         Debug\simpleVRML.obj
         "C:\Program Files (x86)\ARToolKit\lib\libarvrmld.lib"
         "C:\Program Files (x86)\ARToolKit\lib\libARd.lib"
         "C:\Program Files (x86)\ARToolKit\lib\libARgsub_lited.lib"
         "C:\Program Files (x86)\ARToolKit\lib\libARvideod.lib"
     1>openvrml.lib(browser.obj) : error LNK2038: se detectaron diferencias para '_ITERATOR_DEBUG_LEVEL': el valor '0' no coincide con el valor '2' en libarvrmld.lib(arViewerCapi_openvrml-0.14.3.obj)
     1>openvrml.lib(viewer.obj) : error LNK2038: se detectaron diferencias para '_ITERATOR_DEBUG_LEVEL': el valor '0' no coincide con el valor '2' en libarvrmld.lib(arViewerCapi_openvrml-0.14.3.obj)
     1>openvrml.lib(node_class_ptr.obj) : error LNK2038: se detectaron diferencias para '_ITERATOR_DEBUG_LEVEL': el valor '0' no coincide con el valor '2' en libarvrmld.lib(arViewerCapi_openvrml-0.14.3.obj)
     1>openvrml.lib(field_value_ptr.obj) : error LNK2038: se detectaron diferencias para '_ITERATOR_DEBUG_LEVEL': el valor '0' no coincide con el valor '2' en libarvrmld.lib(arViewerCapi_openvrml-0.14.3.obj)
     1>openvrml.lib(basetypes.obj) : error LNK2038: se detectaron diferencias para '_ITERATOR_DEBUG_LEVEL': el valor '0' no coincide con el valor '2' en libarvrmld.lib(arViewerCapi_openvrml-0.14.3.obj)
     1>openvrml.lib(node_ptr.obj) : error LNK2038: se detectaron diferencias para '_ITERATOR_DEBUG_LEVEL': el valor '0' no coincide con el valor '2' en libarvrmld.lib(arViewerCapi_openvrml-0.14.3.obj)
     1>openvrml.lib(node_type_ptr.obj) : error LNK2038: se detectaron diferencias para '_ITERATOR_DEBUG_LEVEL': el valor '0' no coincide con el valor '2' en libarvrmld.lib(arViewerCapi_openvrml-0.14.3.obj)
     1>openvrml.lib(scope_ptr.obj) : error LNK2038: se detectaron diferencias para '_ITERATOR_DEBUG_LEVEL': el valor '0' no coincide con el valor '2' en libarvrmld.lib(arViewerCapi_openvrml-0.14.3.obj)
     1>openvrml.lib(node.obj) : error LNK2038: se detectaron diferencias para '_ITERATOR_DEBUG_LEVEL': el valor '0' no coincide con el valor '2' en libarvrmld.lib(arViewerCapi_openvrml-0.14.3.obj)
     1>openvrml.lib(field.obj) : error LNK2038: se detectaron diferencias para '_ITERATOR_DEBUG_LEVEL': el valor '0' no coincide con el valor '2' en libarvrmld.lib(arViewerCapi_openvrml-0.14.3.obj)
     1>openvrml.lib(scope.obj) : error LNK2038: se detectaron diferencias para '_ITERATOR_DEBUG_LEVEL': el valor '0' no coincide con el valor '2' en libarvrmld.lib(arViewerCapi_openvrml-0.14.3.obj)
     1>openvrml.lib(script.obj) : error LNK2038: se detectaron diferencias para '_ITERATOR_DEBUG_LEVEL': el valor '0' no coincide con el valor '2' en libarvrmld.lib(arViewerCapi_openvrml-0.14.3.obj)
     1>openvrml.lib(vrml97node.obj) : error LNK2038: se detectaron diferencias para '_ITERATOR_DEBUG_LEVEL': el valor '0' no coincide con el valor '2' en libarvrmld.lib(arViewerCapi_openvrml-0.14.3.obj)
     1>openvrml.lib(rendering_context.obj) : error LNK2038: se detectaron diferencias para '_ITERATOR_DEBUG_LEVEL': el valor '0' no coincide con el valor '2' en libarvrmld.lib(arViewerCapi_openvrml-0.14.3.obj)
     1>openvrml.lib(doc.obj) : error LNK2038: se detectaron diferencias para '_ITERATOR_DEBUG_LEVEL': el valor '0' no coincide con el valor '2' en libarvrmld.lib(arViewerCapi_openvrml-0.14.3.obj)
     1>openvrml.lib(frustum.obj) : error LNK2038: se detectaron diferencias para '_ITERATOR_DEBUG_LEVEL': el valor '0' no coincide con el valor '2' en libarvrmld.lib(arViewerCapi_openvrml-0.14.3.obj)
     1>openvrml.lib(bounding_volume.obj) : error LNK2038: se detectaron diferencias para '_ITERATOR_DEBUG_LEVEL': el valor '0' no coincide con el valor '2' en libarvrmld.lib(arViewerCapi_openvrml-0.14.3.obj)
     1>openvrml.lib(img.obj) : error LNK2038: se detectaron diferencias para '_ITERATOR_DEBUG_LEVEL': el valor '0' no coincide con el valor '2' en libarvrmld.lib(arViewerCapi_openvrml-0.14.3.obj)
     1>openvrml.lib(system.obj) : error LNK2038: se detectaron diferencias para '_ITERATOR_DEBUG_LEVEL': el valor '0' no coincide con el valor '2' en libarvrmld.lib(arViewerCapi_openvrml-0.14.3.obj)
     1>openvrml-gl.lib(viewer.obj) : error LNK2038: se detectaron diferencias para '_ITERATOR_DEBUG_LEVEL': el valor '0' no coincide con el valor '2' en libarvrmld.lib(arViewerCapi_openvrml-0.14.3.obj)
     1>antlr.lib(Parser.obj) : error LNK2038: se detectaron diferencias para '_ITERATOR_DEBUG_LEVEL': el valor '0' no coincide con el valor '2' en libarvrmld.lib(arViewerCapi_openvrml-0.14.3.obj)
     1>antlr.lib(ASTRefCount.obj) : error LNK2038: se detectaron diferencias para '_ITERATOR_DEBUG_LEVEL': el valor '0' no coincide con el valor '2' en libarvrmld.lib(arViewerCapi_openvrml-0.14.3.obj)
     1>antlr.lib(RecognitionException.obj) : error LNK2038: se detectaron diferencias para '_ITERATOR_DEBUG_LEVEL': el valor '0' no coincide con el valor '2' en libarvrmld.lib(arViewerCapi_openvrml-0.14.3.obj)
     1>antlr.lib(NoViableAltException.obj) : error LNK2038: se detectaron diferencias para '_ITERATOR_DEBUG_LEVEL': el valor '0' no coincide con el valor '2' en libarvrmld.lib(arViewerCapi_openvrml-0.14.3.obj)
     1>antlr.lib(LLkParser.obj) : error LNK2038: se detectaron diferencias para '_ITERATOR_DEBUG_LEVEL': el valor '0' no coincide con el valor '2' en libarvrmld.lib(arViewerCapi_openvrml-0.14.3.obj)
     1>antlr.lib(TokenBuffer.obj) : error LNK2038: se detectaron diferencias para '_ITERATOR_DEBUG_LEVEL': el valor '0' no coincide con el valor '2' en libarvrmld.lib(arViewerCapi_openvrml-0.14.3.obj)
     1>antlr.lib(CommonToken.obj) : error LNK2038: se detectaron diferencias para '_ITERATOR_DEBUG_LEVEL': el valor '0' no coincide con el valor '2' en libarvrmld.lib(arViewerCapi_openvrml-0.14.3.obj)
     1>antlr.lib(Token.obj) : error LNK2038: se detectaron diferencias para '_ITERATOR_DEBUG_LEVEL': el valor '0' no coincide con el valor '2' en libarvrmld.lib(arViewerCapi_openvrml-0.14.3.obj)
     1>antlr.lib(BitSet.obj) : error LNK2038: se detectaron diferencias para '_ITERATOR_DEBUG_LEVEL': el valor '0' no coincide con el valor '2' en libarvrmld.lib(arViewerCapi_openvrml-0.14.3.obj)
     1>antlr.lib(MismatchedTokenException.obj) : error LNK2038: se detectaron diferencias para '_ITERATOR_DEBUG_LEVEL': el valor '0' no coincide con el valor '2' en libarvrmld.lib(arViewerCapi_openvrml-0.14.3.obj)
     1>antlr.lib(String.obj) : error LNK2038: se detectaron diferencias para '_ITERATOR_DEBUG_LEVEL': el valor '0' no coincide con el valor '2' en libarvrmld.lib(arViewerCapi_openvrml-0.14.3.obj)
     1>antlr.lib(BaseAST.obj) : error LNK2038: se detectaron diferencias para '_ITERATOR_DEBUG_LEVEL': el valor '0' no coincide con el valor '2' en libarvrmld.lib(arViewerCapi_openvrml-0.14.3.obj)
     1>Debug\simpleVRML.exe : fatal error LNK1319: diferencias detectadas: 32
     1>Compilación del proyecto terminada "C:\Program Files (x86)\ARToolKit\examples\simpleVRML\simpleVRML.vcxproj" (rebuild destinos) -- ERROR.

ERROR al compilar.

Tiempo transcurrido 00:00:01.17
